Traceback (most recent call last):
  File "/Users/martinjanssens/miniconda3/envs/metclim-book-env/lib/python3.13/site-packages/jupyter_cache/executors/utils.py", line 58, in single_nb_execution
    executenb(
    ~~~~~~~~~^
        nb,
        ^^^
    ...<4 lines>...
        **kwargs,
        ^^^^^^^^^
    )
    ^
  File "/Users/martinjanssens/miniconda3/envs/metclim-book-env/lib/python3.13/site-packages/nbclient/client.py", line 1319, in execute
    return NotebookClient(nb=nb, resources=resources, km=km, **kwargs).execute()
           ~~~~~~~~~~~~~~~~~~~~~~~~~~~~~~~~~~~~~~~~~~~~~~~~~~~~~~~~~~~~~~~~~~~^^
  File "/Users/martinjanssens/miniconda3/envs/metclim-book-env/lib/python3.13/site-packages/jupyter_core/utils/__init__.py", line 165, in wrapped
    return loop.run_until_complete(inner)
           ~~~~~~~~~~~~~~~~~~~~~~~^^^^^^^
  File "/Users/martinjanssens/miniconda3/envs/metclim-book-env/lib/python3.13/asyncio/base_events.py", line 725, in run_until_complete
    return future.result()
           ~~~~~~~~~~~~~^^
  File "/Users/martinjanssens/miniconda3/envs/metclim-book-env/lib/python3.13/site-packages/nbclient/client.py", line 709, in async_execute
    await self.async_execute_cell(
        cell, index, execution_count=self.code_cells_executed + 1
    )
  File "/Users/martinjanssens/miniconda3/envs/metclim-book-env/lib/python3.13/site-packages/nbclient/client.py", line 1062, in async_execute_cell
    await self._check_raise_for_error(cell, cell_index, exec_reply)
  File "/Users/martinjanssens/miniconda3/envs/metclim-book-env/lib/python3.13/site-packages/nbclient/client.py", line 918, in _check_raise_for_error
    raise CellExecutionError.from_cell_and_msg(cell, exec_reply_content)
nbclient.exceptions.CellExecutionError: An error occurred while executing the following cell:
------------------
import numpy as np

grav = 9.81 # acceleration due to gravity [m/s^2]
Rd = 287.05 # Dry air gas constant [J/kg/K]

# Get the first pressure level in the radiosonde data, at 1000 hPa.
# This is not exactly the surface pressure, but it is a good "reference" to start comparing from
p0 = 1e3

# Compute average temperature over ~the troposphere
Tmn = ((ds_temp['hgeo'][-1] - ds_temp['hgeo'][0]) / (1./ds_temp['temp']).integrate('hgeo')).values
H = Rd*Tmn/grav # Scale height
pres_mod = p0*np.exp(-df_temp['hgeo'] / H)

fig, ax = plt.subplots(ncols=1)
ax.plot(df_pres['pres'], df_pres['hgeo'], label='Radiosonde archive')
ax.plot(pres_mod, df_pres['hgeo'], label='Isothermal, hydrostatic model')
ax.set_xlabel('Pressure [hPa]')
ax.set_ylabel('(Geopotential) height above sea level [m] ')
_=ax.legend()

print(r"Average temperature between 0 and 40 km altitude: %.0f C" %(Tmn-273.15))
print(r"Scale height: %.0f m" %H)
# plt.savefig('Figures/p-piso-av-height.pdf',bbox_inches='tight')
------------------


[31m---------------------------------------------------------------------------[39m
[31mNameError[39m                                 Traceback (most recent call last)
[36mCell[39m[36m [39m[32mIn[3][39m[32m, line 13[39m
[32m     11[39m Tmn = ((ds_temp[[33m'[39m[33mhgeo[39m[33m'[39m][-[32m1[39m] - ds_temp[[33m'[39m[33mhgeo[39m[33m'[39m][[32m0[39m]) / ([32m1.[39m/ds_temp[[33m'[39m[33mtemp[39m[33m'[39m]).integrate([33m'[39m[33mhgeo[39m[33m'[39m)).values
[32m     12[39m H = Rd*Tmn/grav [38;5;66;03m# Scale height[39;00m
[32m---> [39m[32m13[39m pres_mod = p0*np.exp(-[43mdf_temp[49m[[33m'[39m[33mhgeo[39m[33m'[39m] / H)
[32m     15[39m fig, ax = plt.subplots(ncols=[32m1[39m)
[32m     16[39m ax.plot(df_pres[[33m'[39m[33mpres[39m[33m'[39m], df_pres[[33m'[39m[33mhgeo[39m[33m'[39m], label=[33m'[39m[33mRadiosonde archive[39m[33m'[39m)

[31mNameError[39m: name 'df_temp' is not defined

